四月 04, 2016 5:30:41 下午 org.apache.catalina.core.AprLifecycleListener init
信息: Loaded APR based Apache Tomcat Native library 1.1.33 using APR version 1.5.1.
四月 04, 2016 5:30:42 下午 org.apache.catalina.core.AprLifecycleListener init
信息: APR capabilities: IPv6 [true], sendfile [true], accept filters [false], random [true].
四月 04, 2016 5:30:44 下午 org.apache.catalina.core.AprLifecycleListener initializeSSL
信息: OpenSSL successfully initialized with version OpenSSL 1.0.1m 19 Mar 2015
四月 04, 2016 5:31:02 下午 org.apache.coyote.http11.Http11AprProtocol init
信息: Initializing Coyote HTTP/1.1 on http-8080
四月 04, 2016 5:31:02 下午 org.apache.coyote.ajp.AjpAprProtocol init
信息: Initializing Coyote AJP/1.3 on ajp-8009
四月 04, 2016 5:31:02 下午 org.apache.catalina.startup.Catalina load
信息: Initialization processed in 22828 ms
四月 04, 2016 5:31:03 下午 org.apache.catalina.core.StandardService start
信息: Starting service Catalina
四月 04, 2016 5:31:03 下午 org.apache.catalina.core.StandardEngine start
信息: Starting Servlet Engine: Apache Tomcat/6.0.44
四月 04, 2016 5:31:03 下午 org.apache.catalina.startup.HostConfig deployDescriptor
信息: Deploying configuration descriptor host-manager.xml
四月 04, 2016 5:31:04 下午 org.apache.catalina.core.StandardContext resourcesStart
严重: Error starting static Resources
java.lang.IllegalArgumentException: Document base E:\work\apache-tomcat-6.0.44\webapps\host-manager does not exist or is not a readable directory
	at org.apache.naming.resources.FileDirContext.setDocBase(FileDirContext.java:142)
	at org.apache.catalina.core.StandardContext.resourcesStart(StandardContext.java:4324)
	at org.apache.catalina.core.StandardContext.start(StandardContext.java:4493)
	at org.apache.catalina.core.ContainerBase.addChildInternal(ContainerBase.java:802)
	at org.apache.catalina.core.ContainerBase.addChild(ContainerBase.java:779)
	at org.apache.catalina.core.StandardHost.addChild(StandardHost.java:583)
	at org.apache.catalina.startup.HostConfig.deployDescriptor(HostConfig.java:676)
	at org.apache.catalina.startup.HostConfig.deployDescriptors(HostConfig.java:602)
	at org.apache.catalina.startup.HostConfig.deployApps(HostConfig.java:503)
	at org.apache.catalina.startup.HostConfig.start(HostConfig.java:1322)
	at org.apache.catalina.startup.HostConfig.lifecycleEvent(HostConfig.java:325)
	at org.apache.catalina.util.LifecycleSupport.fireLifecycleEvent(LifecycleSupport.java:142)
	at org.apache.catalina.core.ContainerBase.start(ContainerBase.java:1068)
	at org.apache.catalina.core.StandardHost.start(StandardHost.java:822)
	at org.apache.catalina.core.ContainerBase.start(ContainerBase.java:1060)
	at org.apache.catalina.core.StandardEngine.start(StandardEngine.java:463)
	at org.apache.catalina.core.StandardService.start(StandardService.java:525)
	at org.apache.catalina.core.StandardServer.start(StandardServer.java:759)
	at org.apache.catalina.startup.Catalina.start(Catalina.java:595)
	at sun.reflect.NativeMethodAccessorImpl.invoke0(Native Method)
	at sun.reflect.NativeMethodAccessorImpl.invoke(NativeMethodAccessorImpl.java:57)
	at sun.reflect.DelegatingMethodAccessorImpl.invoke(DelegatingMethodAccessorImpl.java:43)
	at java.lang.reflect.Method.invoke(Method.java:606)
	at org.apache.catalina.startup.Bootstrap.start(Bootstrap.java:289)
	at org.apache.catalina.startup.Bootstrap.main(Bootstrap.java:414)

四月 04, 2016 5:31:04 下午 org.apache.catalina.core.StandardContext start
严重: Error in resourceStart()
四月 04, 2016 5:31:04 下午 org.apache.catalina.core.StandardContext start
严重: Error getConfigured
四月 04, 2016 5:31:04 下午 org.apache.catalina.core.StandardContext start
严重: Context [/host-manager] startup failed due to previous errors
四月 04, 2016 5:31:04 下午 org.apache.catalina.core.StandardContext stop
信息: Container org.apache.catalina.core.ContainerBase.[Catalina].[localhost].[/host-manager] has not been started
四月 04, 2016 5:31:04 下午 org.apache.catalina.startup.HostConfig deployDescriptor
信息: Deploying configuration descriptor manager.xml
四月 04, 2016 5:31:05 下午 org.apache.catalina.core.StandardContext resourcesStart
严重: Error starting static Resources
java.lang.IllegalArgumentException: Document base E:\work\apache-tomcat-6.0.44\webapps\manager does not exist or is not a readable directory
	at org.apache.naming.resources.FileDirContext.setDocBase(FileDirContext.java:142)
	at org.apache.catalina.core.StandardContext.resourcesStart(StandardContext.java:4324)
	at org.apache.catalina.core.StandardContext.start(StandardContext.java:4493)
	at org.apache.catalina.core.ContainerBase.addChildInternal(ContainerBase.java:802)
	at org.apache.catalina.core.ContainerBase.addChild(ContainerBase.java:779)
	at org.apache.catalina.core.StandardHost.addChild(StandardHost.java:583)
	at org.apache.catalina.startup.HostConfig.deployDescriptor(HostConfig.java:676)
	at org.apache.catalina.startup.HostConfig.deployDescriptors(HostConfig.java:602)
	at org.apache.catalina.startup.HostConfig.deployApps(HostConfig.java:503)
	at org.apache.catalina.startup.HostConfig.start(HostConfig.java:1322)
	at org.apache.catalina.startup.HostConfig.lifecycleEvent(HostConfig.java:325)
	at org.apache.catalina.util.LifecycleSupport.fireLifecycleEvent(LifecycleSupport.java:142)
	at org.apache.catalina.core.ContainerBase.start(ContainerBase.java:1068)
	at org.apache.catalina.core.StandardHost.start(StandardHost.java:822)
	at org.apache.catalina.core.ContainerBase.start(ContainerBase.java:1060)
	at org.apache.catalina.core.StandardEngine.start(StandardEngine.java:463)
	at org.apache.catalina.core.StandardService.start(StandardService.java:525)
	at org.apache.catalina.core.StandardServer.start(StandardServer.java:759)
	at org.apache.catalina.startup.Catalina.start(Catalina.java:595)
	at sun.reflect.NativeMethodAccessorImpl.invoke0(Native Method)
	at sun.reflect.NativeMethodAccessorImpl.invoke(NativeMethodAccessorImpl.java:57)
	at sun.reflect.DelegatingMethodAccessorImpl.invoke(DelegatingMethodAccessorImpl.java:43)
	at java.lang.reflect.Method.invoke(Method.java:606)
	at org.apache.catalina.startup.Bootstrap.start(Bootstrap.java:289)
	at org.apache.catalina.startup.Bootstrap.main(Bootstrap.java:414)

四月 04, 2016 5:31:05 下午 org.apache.catalina.core.StandardContext start
严重: Error in resourceStart()
四月 04, 2016 5:31:05 下午 org.apache.catalina.core.StandardContext start
严重: Error getConfigured
四月 04, 2016 5:31:05 下午 org.apache.catalina.core.StandardContext start
严重: Context [/manager] startup failed due to previous errors
四月 04, 2016 5:31:05 下午 org.apache.catalina.core.StandardContext stop
信息: Container org.apache.catalina.core.ContainerBase.[Catalina].[localhost].[/manager] has not been started
四月 04, 2016 5:31:05 下午 org.apache.catalina.startup.HostConfig deployDirectory
信息: Deploying web application directory pfss
四月 04, 2016 5:31:08 下午 org.apache.catalina.loader.WebappClassLoader validateJarFile
信息: validateJarFile(E:\work\apache-tomcat-6.0.44\webapps\pfss\WEB-INF\lib\servlet-api.jar) - jar not loaded. See Servlet Spec 2.3, section 9.7.2. Offending class: javax/servlet/Servlet.class
四月 04, 2016 5:31:08 下午 org.apache.catalina.loader.WebappClassLoader validateJarFile
信息: validateJarFile(E:\work\apache-tomcat-6.0.44\webapps\pfss\WEB-INF\lib\servlet.jar) - jar not loaded. See Servlet Spec 2.3, section 9.7.2. Offending class: javax/servlet/Servlet.class
四月 04, 2016 5:31:11 下午 org.apache.coyote.http11.Http11AprProtocol start
信息: Starting Coyote HTTP/1.1 on http-8080
四月 04, 2016 5:31:11 下午 org.apache.coyote.ajp.AjpAprProtocol start
信息: Starting Coyote AJP/1.3 on ajp-8009
四月 04, 2016 5:31:11 下午 org.apache.catalina.startup.Catalina start
信息: Server startup in 9130 ms
四月 04, 2016 5:38:38 下午 org.apache.coyote.http11.Http11AprProtocol pause
信息: Pausing Coyote HTTP/1.1 on http-8080
四月 04, 2016 5:38:38 下午 org.apache.coyote.ajp.AjpAprProtocol pause
信息: Pausing Coyote AJP/1.3 on ajp-8009
