2015-7-16 11:03:55 org.apache.catalina.core.AprLifecycleListener init
信息: Loaded APR based Apache Tomcat Native library 1.1.33 using APR version 1.5.1.
2015-7-16 11:03:55 org.apache.catalina.core.AprLifecycleListener init
信息: APR capabilities: IPv6 [true], sendfile [true], accept filters [false], random [true].
2015-7-16 11:03:55 org.apache.catalina.core.AprLifecycleListener initializeSSL
信息: OpenSSL successfully initialized with version OpenSSL 1.0.1m 19 Mar 2015
2015-7-16 11:03:56 org.apache.coyote.http11.Http11AprProtocol init
信息: Initializing Coyote HTTP/1.1 on http-8080
2015-7-16 11:03:56 org.apache.coyote.ajp.AjpAprProtocol init
信息: Initializing Coyote AJP/1.3 on ajp-8009
2015-7-16 11:03:56 org.apache.catalina.startup.Catalina load
信息: Initialization processed in 2920 ms
2015-7-16 11:03:57 org.apache.catalina.core.StandardService start
信息: Starting service Catalina
2015-7-16 11:03:57 org.apache.catalina.core.StandardEngine start
信息: Starting Servlet Engine: Apache Tomcat/6.0.44
2015-7-16 11:03:57 org.apache.catalina.startup.HostConfig deployDescriptor
信息: Deploying configuration descriptor host-manager.xml
2015-7-16 11:03:57 org.apache.catalina.startup.HostConfig deployDescriptor
信息: Deploying configuration descriptor manager.xml
2015-7-16 11:03:57 org.apache.catalina.startup.HostConfig deployDirectory
信息: Deploying web application directory docs
2015-7-16 11:03:58 org.apache.catalina.startup.HostConfig deployDirectory
信息: Deploying web application directory examples
2015-7-16 11:03:58 org.apache.catalina.startup.HostConfig deployDirectory
信息: Deploying web application directory gdrdadc
2015-7-16 11:04:01 org.apache.catalina.startup.HostConfig deployDirectory
信息: Deploying web application directory ROOT
2015-7-16 11:04:01 org.apache.catalina.startup.HostConfig deployDirectory
信息: Deploying web application directory s2_2
2015-7-16 11:04:03 com.opensymphony.xwork2.util.logging.commons.CommonsLogger info
信息: Parsing configuration file [struts-default.xml]
2015-7-16 11:04:03 com.opensymphony.xwork2.util.logging.commons.CommonsLogger info
信息: Unable to locate configuration files of the name struts-plugin.xml, skipping
2015-7-16 11:04:03 com.opensymphony.xwork2.util.logging.commons.CommonsLogger info
信息: Parsing configuration file [struts-plugin.xml]
2015-7-16 11:04:03 com.opensymphony.xwork2.util.logging.commons.CommonsLogger info
信息: Parsing configuration file [struts.xml]
2015-7-16 11:04:03 com.opensymphony.xwork2.util.logging.commons.CommonsLogger info
信息: Overriding property struts.i18n.reload - old value: false new value: true
2015-7-16 11:04:03 com.opensymphony.xwork2.util.logging.commons.CommonsLogger info
信息: Overriding property struts.configuration.xml.reload - old value: false new value: true
2015-7-16 11:04:04 org.apache.coyote.http11.Http11AprProtocol start
信息: Starting Coyote HTTP/1.1 on http-8080
2015-7-16 11:04:04 org.apache.coyote.ajp.AjpAprProtocol start
信息: Starting Coyote AJP/1.3 on ajp-8009
2015-7-16 11:04:04 org.apache.catalina.startup.Catalina start
信息: Server startup in 7277 ms
2015-7-16 11:05:54 org.apache.coyote.http11.Http11AprProtocol pause
信息: Pausing Coyote HTTP/1.1 on http-8080
2015-7-16 11:05:54 org.apache.coyote.ajp.AjpAprProtocol pause
信息: Pausing Coyote AJP/1.3 on ajp-8009
2015-7-16 11:06:56 org.apache.catalina.core.AprLifecycleListener init
信息: Loaded APR based Apache Tomcat Native library 1.1.33 using APR version 1.5.1.
2015-7-16 11:06:56 org.apache.catalina.core.AprLifecycleListener init
信息: APR capabilities: IPv6 [true], sendfile [true], accept filters [false], random [true].
2015-7-16 11:06:57 org.apache.catalina.core.AprLifecycleListener initializeSSL
信息: OpenSSL successfully initialized with version OpenSSL 1.0.1m 19 Mar 2015
2015-7-16 11:06:57 org.apache.coyote.http11.Http11AprProtocol init
信息: Initializing Coyote HTTP/1.1 on http-8080
2015-7-16 11:06:57 org.apache.coyote.ajp.AjpAprProtocol init
信息: Initializing Coyote AJP/1.3 on ajp-8009
2015-7-16 11:06:57 org.apache.catalina.startup.Catalina load
信息: Initialization processed in 710 ms
2015-7-16 11:06:57 org.apache.catalina.core.StandardService start
信息: Starting service Catalina
2015-7-16 11:06:57 org.apache.catalina.core.StandardEngine start
信息: Starting Servlet Engine: Apache Tomcat/6.0.44
2015-7-16 11:06:57 org.apache.catalina.startup.HostConfig deployDescriptor
信息: Deploying configuration descriptor host-manager.xml
2015-7-16 11:06:57 org.apache.catalina.startup.HostConfig deployDescriptor
信息: Deploying configuration descriptor manager.xml
2015-7-16 11:06:57 org.apache.catalina.startup.HostConfig deployDirectory
信息: Deploying web application directory docs
2015-7-16 11:06:57 org.apache.catalina.startup.HostConfig deployDirectory
信息: Deploying web application directory examples
2015-7-16 11:06:58 org.apache.catalina.startup.HostConfig deployDirectory
信息: Deploying web application directory gdrdadc
2015-7-16 11:06:58 org.apache.catalina.startup.HostConfig deployDirectory
信息: Deploying web application directory ROOT
2015-7-16 11:06:59 org.apache.coyote.http11.Http11AprProtocol start
信息: Starting Coyote HTTP/1.1 on http-8080
2015-7-16 11:06:59 org.apache.coyote.ajp.AjpAprProtocol start
信息: Starting Coyote AJP/1.3 on ajp-8009
2015-7-16 11:06:59 org.apache.catalina.startup.Catalina start
信息: Server startup in 1661 ms
2015-7-16 11:11:07 org.apache.catalina.core.AprLifecycleListener init
信息: Loaded APR based Apache Tomcat Native library 1.1.33 using APR version 1.5.1.
2015-7-16 11:11:07 org.apache.catalina.core.AprLifecycleListener init
信息: APR capabilities: IPv6 [true], sendfile [true], accept filters [false], random [true].
2015-7-16 11:11:08 org.apache.catalina.core.AprLifecycleListener initializeSSL
信息: OpenSSL successfully initialized with version OpenSSL 1.0.1m 19 Mar 2015
2015-7-16 11:11:08 org.apache.coyote.http11.Http11AprProtocol init
信息: Initializing Coyote HTTP/1.1 on http-8080
2015-7-16 11:11:08 org.apache.coyote.ajp.AjpAprProtocol init
信息: Initializing Coyote AJP/1.3 on ajp-8009
2015-7-16 11:11:08 org.apache.catalina.startup.Catalina load
信息: Initialization processed in 708 ms
2015-7-16 11:11:08 org.apache.catalina.core.StandardService start
信息: Starting service Catalina
2015-7-16 11:11:08 org.apache.catalina.core.StandardEngine start
信息: Starting Servlet Engine: Apache Tomcat/6.0.44
2015-7-16 11:11:08 org.apache.catalina.startup.HostConfig deployDescriptor
信息: Deploying configuration descriptor host-manager.xml
2015-7-16 11:11:08 org.apache.catalina.startup.HostConfig deployDescriptor
信息: Deploying configuration descriptor manager.xml
2015-7-16 11:11:08 org.apache.catalina.startup.HostConfig deployDirectory
信息: Deploying web application directory docs
2015-7-16 11:11:08 org.apache.catalina.startup.HostConfig deployDirectory
信息: Deploying web application directory examples
2015-7-16 11:11:08 org.apache.catalina.startup.HostConfig deployDirectory
信息: Deploying web application directory gdrdadc
2015-7-16 11:11:09 org.apache.catalina.startup.HostConfig deployDirectory
信息: Deploying web application directory ROOT
2015-7-16 11:11:10 org.apache.coyote.http11.Http11AprProtocol start
信息: Starting Coyote HTTP/1.1 on http-8080
2015-7-16 11:11:10 org.apache.coyote.ajp.AjpAprProtocol start
信息: Starting Coyote AJP/1.3 on ajp-8009
2015-7-16 11:11:10 org.apache.catalina.startup.Catalina start
信息: Server startup in 1683 ms
2015-7-16 11:15:59 org.apache.catalina.core.AprLifecycleListener init
信息: Loaded APR based Apache Tomcat Native library 1.1.33 using APR version 1.5.1.
2015-7-16 11:15:59 org.apache.catalina.core.AprLifecycleListener init
信息: APR capabilities: IPv6 [true], sendfile [true], accept filters [false], random [true].
2015-7-16 11:16:00 org.apache.catalina.core.AprLifecycleListener initializeSSL
信息: OpenSSL successfully initialized with version OpenSSL 1.0.1m 19 Mar 2015
2015-7-16 11:16:00 org.apache.coyote.http11.Http11AprProtocol init
信息: Initializing Coyote HTTP/1.1 on http-8080
2015-7-16 11:16:00 org.apache.coyote.ajp.AjpAprProtocol init
信息: Initializing Coyote AJP/1.3 on ajp-8009
2015-7-16 11:16:00 org.apache.catalina.startup.Catalina load
信息: Initialization processed in 749 ms
2015-7-16 11:16:00 org.apache.catalina.core.StandardService start
信息: Starting service Catalina
2015-7-16 11:16:00 org.apache.catalina.core.StandardEngine start
信息: Starting Servlet Engine: Apache Tomcat/6.0.44
2015-7-16 11:16:00 org.apache.catalina.startup.HostConfig deployDescriptor
信息: Deploying configuration descriptor host-manager.xml
2015-7-16 11:16:00 org.apache.catalina.startup.HostConfig deployDescriptor
信息: Deploying configuration descriptor manager.xml
2015-7-16 11:16:00 org.apache.catalina.startup.HostConfig deployDirectory
信息: Deploying web application directory docs
2015-7-16 11:16:00 org.apache.catalina.startup.HostConfig deployDirectory
信息: Deploying web application directory examples
2015-7-16 11:16:01 org.apache.catalina.startup.HostConfig deployDirectory
信息: Deploying web application directory gdrdadc
2015-7-16 11:16:02 org.apache.catalina.startup.HostConfig deployDirectory
信息: Deploying web application directory ROOT
2015-7-16 11:16:02 org.apache.coyote.http11.Http11AprProtocol start
信息: Starting Coyote HTTP/1.1 on http-8080
2015-7-16 11:16:02 org.apache.coyote.ajp.AjpAprProtocol start
信息: Starting Coyote AJP/1.3 on ajp-8009
2015-7-16 11:16:02 org.apache.catalina.startup.Catalina start
信息: Server startup in 1883 ms
2015-7-16 15:45:12 org.apache.catalina.core.AprLifecycleListener init
信息: Loaded APR based Apache Tomcat Native library 1.1.33 using APR version 1.5.1.
2015-7-16 15:45:12 org.apache.catalina.core.AprLifecycleListener init
信息: APR capabilities: IPv6 [true], sendfile [true], accept filters [false], random [true].
2015-7-16 15:45:13 org.apache.catalina.core.AprLifecycleListener initializeSSL
信息: OpenSSL successfully initialized with version OpenSSL 1.0.1m 19 Mar 2015
2015-7-16 15:45:14 org.apache.coyote.http11.Http11AprProtocol init
信息: Initializing Coyote HTTP/1.1 on http-8080
2015-7-16 15:45:14 org.apache.coyote.ajp.AjpAprProtocol init
信息: Initializing Coyote AJP/1.3 on ajp-8009
2015-7-16 15:45:14 org.apache.catalina.startup.Catalina load
信息: Initialization processed in 2701 ms
2015-7-16 15:45:14 org.apache.catalina.core.StandardService start
信息: Starting service Catalina
2015-7-16 15:45:14 org.apache.catalina.core.StandardEngine start
信息: Starting Servlet Engine: Apache Tomcat/6.0.44
2015-7-16 15:45:14 org.apache.catalina.startup.HostConfig deployDescriptor
信息: Deploying configuration descriptor host-manager.xml
2015-7-16 15:45:15 org.apache.catalina.startup.HostConfig deployDescriptor
信息: Deploying configuration descriptor manager.xml
2015-7-16 15:45:15 org.apache.catalina.startup.HostConfig deployDirectory
信息: Deploying web application directory docs
2015-7-16 15:45:15 org.apache.catalina.startup.HostConfig deployDirectory
信息: Deploying web application directory examples
2015-7-16 15:45:16 org.apache.catalina.startup.HostConfig deployDirectory
信息: Deploying web application directory gdrdadc
2015-7-16 15:45:19 org.apache.catalina.startup.HostConfig deployDirectory
信息: Deploying web application directory ROOT
2015-7-16 15:45:19 org.apache.coyote.http11.Http11AprProtocol start
信息: Starting Coyote HTTP/1.1 on http-8080
2015-7-16 15:45:19 org.apache.coyote.ajp.AjpAprProtocol start
信息: Starting Coyote AJP/1.3 on ajp-8009
2015-7-16 15:45:19 org.apache.catalina.startup.Catalina start
信息: Server startup in 4524 ms
