十二月 24, 2015 3:51:50 下午 org.apache.catalina.core.AprLifecycleListener init
信息: Loaded APR based Apache Tomcat Native library 1.1.33 using APR version 1.5.1.
十二月 24, 2015 3:51:50 下午 org.apache.catalina.core.AprLifecycleListener init
信息: APR capabilities: IPv6 [true], sendfile [true], accept filters [false], random [true].
十二月 24, 2015 3:51:50 下午 org.apache.catalina.core.AprLifecycleListener initializeSSL
信息: OpenSSL successfully initialized with version OpenSSL 1.0.1m 19 Mar 2015
十二月 24, 2015 3:51:51 下午 org.apache.coyote.http11.Http11AprProtocol init
信息: Initializing Coyote HTTP/1.1 on http-8080
十二月 24, 2015 3:51:51 下午 org.apache.coyote.ajp.AjpAprProtocol init
信息: Initializing Coyote AJP/1.3 on ajp-8009
十二月 24, 2015 3:51:51 下午 org.apache.catalina.startup.Catalina load
信息: Initialization processed in 1374 ms
十二月 24, 2015 3:51:51 下午 org.apache.catalina.core.StandardService start
信息: Starting service Catalina
十二月 24, 2015 3:51:51 下午 org.apache.catalina.core.StandardEngine start
信息: Starting Servlet Engine: Apache Tomcat/6.0.44
十二月 24, 2015 3:51:51 下午 org.apache.catalina.startup.HostConfig deployDescriptor
信息: Deploying configuration descriptor host-manager.xml
十二月 24, 2015 3:51:51 下午 org.apache.catalina.core.StandardContext resourcesStart
严重: Error starting static Resources
java.lang.IllegalArgumentException: Document base E:\work\apache-tomcat-6.0.44\webapps\host-manager does not exist or is not a readable directory
	at org.apache.naming.resources.FileDirContext.setDocBase(FileDirContext.java:142)
	at org.apache.catalina.core.StandardContext.resourcesStart(StandardContext.java:4324)
	at org.apache.catalina.core.StandardContext.start(StandardContext.java:4493)
	at org.apache.catalina.core.ContainerBase.addChildInternal(ContainerBase.java:802)
	at org.apache.catalina.core.ContainerBase.addChild(ContainerBase.java:779)
	at org.apache.catalina.core.StandardHost.addChild(StandardHost.java:583)
	at org.apache.catalina.startup.HostConfig.deployDescriptor(HostConfig.java:676)
	at org.apache.catalina.startup.HostConfig.deployDescriptors(HostConfig.java:602)
	at org.apache.catalina.startup.HostConfig.deployApps(HostConfig.java:503)
	at org.apache.catalina.startup.HostConfig.start(HostConfig.java:1322)
	at org.apache.catalina.startup.HostConfig.lifecycleEvent(HostConfig.java:325)
	at org.apache.catalina.util.LifecycleSupport.fireLifecycleEvent(LifecycleSupport.java:142)
	at org.apache.catalina.core.ContainerBase.start(ContainerBase.java:1068)
	at org.apache.catalina.core.StandardHost.start(StandardHost.java:822)
	at org.apache.catalina.core.ContainerBase.start(ContainerBase.java:1060)
	at org.apache.catalina.core.StandardEngine.start(StandardEngine.java:463)
	at org.apache.catalina.core.StandardService.start(StandardService.java:525)
	at org.apache.catalina.core.StandardServer.start(StandardServer.java:759)
	at org.apache.catalina.startup.Catalina.start(Catalina.java:595)
	at sun.reflect.NativeMethodAccessorImpl.invoke0(Native Method)
	at sun.reflect.NativeMethodAccessorImpl.invoke(NativeMethodAccessorImpl.java:57)
	at sun.reflect.DelegatingMethodAccessorImpl.invoke(DelegatingMethodAccessorImpl.java:43)
	at java.lang.reflect.Method.invoke(Method.java:606)
	at org.apache.catalina.startup.Bootstrap.start(Bootstrap.java:289)
	at org.apache.catalina.startup.Bootstrap.main(Bootstrap.java:414)

十二月 24, 2015 3:51:51 下午 org.apache.catalina.core.StandardContext start
严重: Error in resourceStart()
十二月 24, 2015 3:51:51 下午 org.apache.catalina.core.StandardContext start
严重: Error getConfigured
十二月 24, 2015 3:51:51 下午 org.apache.catalina.core.StandardContext start
严重: Context [/host-manager] startup failed due to previous errors
十二月 24, 2015 3:51:51 下午 org.apache.catalina.core.StandardContext stop
信息: Container org.apache.catalina.core.ContainerBase.[Catalina].[localhost].[/host-manager] has not been started
十二月 24, 2015 3:51:51 下午 org.apache.catalina.startup.HostConfig deployDescriptor
信息: Deploying configuration descriptor manager.xml
十二月 24, 2015 3:51:51 下午 org.apache.catalina.core.StandardContext resourcesStart
严重: Error starting static Resources
java.lang.IllegalArgumentException: Document base E:\work\apache-tomcat-6.0.44\webapps\manager does not exist or is not a readable directory
	at org.apache.naming.resources.FileDirContext.setDocBase(FileDirContext.java:142)
	at org.apache.catalina.core.StandardContext.resourcesStart(StandardContext.java:4324)
	at org.apache.catalina.core.StandardContext.start(StandardContext.java:4493)
	at org.apache.catalina.core.ContainerBase.addChildInternal(ContainerBase.java:802)
	at org.apache.catalina.core.ContainerBase.addChild(ContainerBase.java:779)
	at org.apache.catalina.core.StandardHost.addChild(StandardHost.java:583)
	at org.apache.catalina.startup.HostConfig.deployDescriptor(HostConfig.java:676)
	at org.apache.catalina.startup.HostConfig.deployDescriptors(HostConfig.java:602)
	at org.apache.catalina.startup.HostConfig.deployApps(HostConfig.java:503)
	at org.apache.catalina.startup.HostConfig.start(HostConfig.java:1322)
	at org.apache.catalina.startup.HostConfig.lifecycleEvent(HostConfig.java:325)
	at org.apache.catalina.util.LifecycleSupport.fireLifecycleEvent(LifecycleSupport.java:142)
	at org.apache.catalina.core.ContainerBase.start(ContainerBase.java:1068)
	at org.apache.catalina.core.StandardHost.start(StandardHost.java:822)
	at org.apache.catalina.core.ContainerBase.start(ContainerBase.java:1060)
	at org.apache.catalina.core.StandardEngine.start(StandardEngine.java:463)
	at org.apache.catalina.core.StandardService.start(StandardService.java:525)
	at org.apache.catalina.core.StandardServer.start(StandardServer.java:759)
	at org.apache.catalina.startup.Catalina.start(Catalina.java:595)
	at sun.reflect.NativeMethodAccessorImpl.invoke0(Native Method)
	at sun.reflect.NativeMethodAccessorImpl.invoke(NativeMethodAccessorImpl.java:57)
	at sun.reflect.DelegatingMethodAccessorImpl.invoke(DelegatingMethodAccessorImpl.java:43)
	at java.lang.reflect.Method.invoke(Method.java:606)
	at org.apache.catalina.startup.Bootstrap.start(Bootstrap.java:289)
	at org.apache.catalina.startup.Bootstrap.main(Bootstrap.java:414)

十二月 24, 2015 3:51:51 下午 org.apache.catalina.core.StandardContext start
严重: Error in resourceStart()
十二月 24, 2015 3:51:51 下午 org.apache.catalina.core.StandardContext start
严重: Error getConfigured
十二月 24, 2015 3:51:51 下午 org.apache.catalina.core.StandardContext start
严重: Context [/manager] startup failed due to previous errors
十二月 24, 2015 3:51:51 下午 org.apache.catalina.core.StandardContext stop
信息: Container org.apache.catalina.core.ContainerBase.[Catalina].[localhost].[/manager] has not been started
十二月 24, 2015 3:51:51 下午 org.apache.catalina.startup.HostConfig deployDirectory
信息: Deploying web application directory gdrdadc
十二月 24, 2015 3:51:52 下午 org.apache.catalina.core.StandardContext start
严重: Error listenerStart
十二月 24, 2015 3:51:52 下午 org.apache.catalina.core.StandardContext start
严重: Context [/gdrdadc] startup failed due to previous errors
十二月 24, 2015 3:51:52 下午 org.apache.catalina.startup.HostConfig deployDirectory
信息: Deploying web application directory ifpws
十二月 24, 2015 3:51:58 下午 org.apache.coyote.http11.Http11AprProtocol start
信息: Starting Coyote HTTP/1.1 on http-8080
十二月 24, 2015 3:51:58 下午 org.apache.coyote.ajp.AjpAprProtocol start
信息: Starting Coyote AJP/1.3 on ajp-8009
十二月 24, 2015 3:51:58 下午 org.apache.catalina.startup.Catalina start
信息: Server startup in 7563 ms
