八月 18, 2015 10:49:55 上午 org.apache.catalina.core.AprLifecycleListener init
信息: Loaded APR based Apache Tomcat Native library 1.1.33 using APR version 1.5.1.
八月 18, 2015 10:49:55 上午 org.apache.catalina.core.AprLifecycleListener init
信息: APR capabilities: IPv6 [true], sendfile [true], accept filters [false], random [true].
八月 18, 2015 10:49:56 上午 org.apache.catalina.core.AprLifecycleListener initializeSSL
信息: OpenSSL successfully initialized with version OpenSSL 1.0.1m 19 Mar 2015
八月 18, 2015 10:49:56 上午 org.apache.coyote.http11.Http11AprProtocol init
信息: Initializing Coyote HTTP/1.1 on http-8080
八月 18, 2015 10:49:56 上午 org.apache.coyote.ajp.AjpAprProtocol init
信息: Initializing Coyote AJP/1.3 on ajp-8009
八月 18, 2015 10:49:56 上午 org.apache.catalina.startup.Catalina load
信息: Initialization processed in 1316 ms
八月 18, 2015 10:49:56 上午 org.apache.catalina.core.StandardService start
信息: Starting service Catalina
八月 18, 2015 10:49:56 上午 org.apache.catalina.core.StandardEngine start
信息: Starting Servlet Engine: Apache Tomcat/6.0.44
八月 18, 2015 10:49:56 上午 org.apache.catalina.startup.HostConfig deployDescriptor
信息: Deploying configuration descriptor host-manager.xml
八月 18, 2015 10:49:57 上午 org.apache.catalina.startup.HostConfig deployDescriptor
信息: Deploying configuration descriptor manager.xml
八月 18, 2015 10:49:57 上午 org.apache.catalina.startup.HostConfig deployDirectory
信息: Deploying web application directory docs
八月 18, 2015 10:49:57 上午 org.apache.catalina.startup.HostConfig deployDirectory
信息: Deploying web application directory examples
八月 18, 2015 10:49:57 上午 org.apache.catalina.startup.HostConfig deployDirectory
信息: Deploying web application directory ifm
八月 18, 2015 10:50:06 上午 org.apache.catalina.startup.HostConfig deployDirectory
信息: Deploying web application directory ROOT
八月 18, 2015 10:50:06 上午 org.apache.catalina.startup.HostConfig deployDirectory
信息: Deploying web application directory tcgaj
八月 18, 2015 10:50:06 上午 org.apache.catalina.loader.WebappClassLoader validateJarFile
信息: validateJarFile(E:\work\apache-tomcat-6.0.44\webapps\tcgaj\WEB-INF\lib\j2ee.jar) - jar not loaded. See Servlet Spec 2.3, section 9.7.2. Offending class: javax/servlet/Servlet.class
八月 18, 2015 10:50:18 上午 org.apache.coyote.http11.Http11AprProtocol start
信息: Starting Coyote HTTP/1.1 on http-8080
八月 18, 2015 10:50:18 上午 org.apache.coyote.ajp.AjpAprProtocol start
信息: Starting Coyote AJP/1.3 on ajp-8009
八月 18, 2015 10:50:18 上午 org.apache.catalina.startup.Catalina start
信息: Server startup in 21486 ms
八月 18, 2015 10:36:57 上午 org.apache.catalina.core.AprLifecycleListener init
信息: Loaded APR based Apache Tomcat Native library 1.1.33 using APR version 1.5.1.
八月 18, 2015 10:36:57 上午 org.apache.catalina.core.AprLifecycleListener init
信息: APR capabilities: IPv6 [true], sendfile [true], accept filters [false], random [true].
八月 18, 2015 10:36:58 上午 org.apache.catalina.core.AprLifecycleListener initializeSSL
信息: OpenSSL successfully initialized with version OpenSSL 1.0.1m 19 Mar 2015
八月 18, 2015 10:36:58 上午 org.apache.coyote.http11.Http11AprProtocol init
信息: Initializing Coyote HTTP/1.1 on http-8080
八月 18, 2015 10:36:58 上午 org.apache.coyote.ajp.AjpAprProtocol init
信息: Initializing Coyote AJP/1.3 on ajp-8009
八月 18, 2015 10:36:58 上午 org.apache.catalina.startup.Catalina load
信息: Initialization processed in 1278 ms
八月 18, 2015 10:36:58 上午 org.apache.catalina.core.StandardService start
信息: Starting service Catalina
八月 18, 2015 10:36:58 上午 org.apache.catalina.core.StandardEngine start
信息: Starting Servlet Engine: Apache Tomcat/6.0.44
八月 18, 2015 10:36:58 上午 org.apache.catalina.startup.HostConfig deployDescriptor
信息: Deploying configuration descriptor host-manager.xml
八月 18, 2015 10:36:59 上午 org.apache.catalina.startup.HostConfig deployDescriptor
信息: Deploying configuration descriptor manager.xml
八月 18, 2015 10:36:59 上午 org.apache.catalina.startup.HostConfig deployDirectory
信息: Deploying web application directory docs
八月 18, 2015 10:36:59 上午 org.apache.catalina.startup.HostConfig deployDirectory
信息: Deploying web application directory examples
八月 18, 2015 10:36:59 上午 org.apache.catalina.startup.HostConfig deployDirectory
信息: Deploying web application directory ifm
八月 18, 2015 10:37:06 上午 org.apache.catalina.startup.HostConfig deployDirectory
信息: Deploying web application directory ROOT
八月 18, 2015 10:37:06 上午 org.apache.catalina.startup.HostConfig deployDirectory
信息: Deploying web application directory tcgaj
八月 18, 2015 10:37:06 上午 org.apache.catalina.loader.WebappClassLoader validateJarFile
信息: validateJarFile(E:\work\apache-tomcat-6.0.44\webapps\tcgaj\WEB-INF\lib\j2ee.jar) - jar not loaded. See Servlet Spec 2.3, section 9.7.2. Offending class: javax/servlet/Servlet.class
八月 18, 2015 10:37:18 上午 org.apache.coyote.http11.Http11AprProtocol start
信息: Starting Coyote HTTP/1.1 on http-8080
八月 18, 2015 10:37:18 上午 org.apache.coyote.ajp.AjpAprProtocol start
信息: Starting Coyote AJP/1.3 on ajp-8009
八月 18, 2015 10:37:18 上午 org.apache.catalina.startup.Catalina start
信息: Server startup in 19725 ms
八月 18, 2015 10:44:35 上午 com.microsoft.sqlserver.jdbc.SQLServerConnection <init>
严重: 此驱动程序不支持 Java Runtime Environment (JRE) 1.7 版。请使用支持 JDBC 4.0 的 sqljdbc4.jar 类库。
八月 18, 2015 10:44:35 上午 com.microsoft.sqlserver.jdbc.SQLServerConnection <init>
严重: 此驱动程序不支持 Java Runtime Environment (JRE) 1.7 版。请使用支持 JDBC 4.0 的 sqljdbc4.jar 类库。
八月 18, 2015 10:44:35 上午 com.microsoft.sqlserver.jdbc.SQLServerConnection <init>
严重: 此驱动程序不支持 Java Runtime Environment (JRE) 1.7 版。请使用支持 JDBC 4.0 的 sqljdbc4.jar 类库。
八月 18, 2015 10:44:36 上午 com.microsoft.sqlserver.jdbc.SQLServerConnection <init>
严重: 此驱动程序不支持 Java Runtime Environment (JRE) 1.7 版。请使用支持 JDBC 4.0 的 sqljdbc4.jar 类库。
八月 18, 2015 10:44:36 上午 com.microsoft.sqlserver.jdbc.SQLServerConnection <init>
严重: 此驱动程序不支持 Java Runtime Environment (JRE) 1.7 版。请使用支持 JDBC 4.0 的 sqljdbc4.jar 类库。
八月 18, 2015 10:44:36 上午 com.microsoft.sqlserver.jdbc.SQLServerConnection <init>
严重: 此驱动程序不支持 Java Runtime Environment (JRE) 1.7 版。请使用支持 JDBC 4.0 的 sqljdbc4.jar 类库。
八月 18, 2015 10:44:37 上午 com.microsoft.sqlserver.jdbc.SQLServerConnection <init>
严重: 此驱动程序不支持 Java Runtime Environment (JRE) 1.7 版。请使用支持 JDBC 4.0 的 sqljdbc4.jar 类库。
八月 18, 2015 10:44:37 上午 com.microsoft.sqlserver.jdbc.SQLServerConnection <init>
严重: 此驱动程序不支持 Java Runtime Environment (JRE) 1.7 版。请使用支持 JDBC 4.0 的 sqljdbc4.jar 类库。
八月 18, 2015 10:44:37 上午 com.microsoft.sqlserver.jdbc.SQLServerConnection <init>
严重: 此驱动程序不支持 Java Runtime Environment (JRE) 1.7 版。请使用支持 JDBC 4.0 的 sqljdbc4.jar 类库。
八月 18, 2015 10:44:38 上午 com.microsoft.sqlserver.jdbc.SQLServerConnection <init>
严重: 此驱动程序不支持 Java Runtime Environment (JRE) 1.7 版。请使用支持 JDBC 4.0 的 sqljdbc4.jar 类库。
八月 18, 2015 10:44:38 上午 com.microsoft.sqlserver.jdbc.SQLServerConnection <init>
严重: 此驱动程序不支持 Java Runtime Environment (JRE) 1.7 版。请使用支持 JDBC 4.0 的 sqljdbc4.jar 类库。
八月 18, 2015 10:44:38 上午 com.microsoft.sqlserver.jdbc.SQLServerConnection <init>
严重: 此驱动程序不支持 Java Runtime Environment (JRE) 1.7 版。请使用支持 JDBC 4.0 的 sqljdbc4.jar 类库。
八月 18, 2015 10:44:39 上午 com.microsoft.sqlserver.jdbc.SQLServerConnection <init>
严重: 此驱动程序不支持 Java Runtime Environment (JRE) 1.7 版。请使用支持 JDBC 4.0 的 sqljdbc4.jar 类库。
八月 18, 2015 10:44:39 上午 com.microsoft.sqlserver.jdbc.SQLServerConnection <init>
严重: 此驱动程序不支持 Java Runtime Environment (JRE) 1.7 版。请使用支持 JDBC 4.0 的 sqljdbc4.jar 类库。
八月 18, 2015 10:44:39 上午 com.microsoft.sqlserver.jdbc.SQLServerConnection <init>
严重: 此驱动程序不支持 Java Runtime Environment (JRE) 1.7 版。请使用支持 JDBC 4.0 的 sqljdbc4.jar 类库。
八月 18, 2015 10:44:40 上午 com.microsoft.sqlserver.jdbc.SQLServerConnection <init>
严重: 此驱动程序不支持 Java Runtime Environment (JRE) 1.7 版。请使用支持 JDBC 4.0 的 sqljdbc4.jar 类库。
八月 18, 2015 10:44:40 上午 com.microsoft.sqlserver.jdbc.SQLServerConnection <init>
严重: 此驱动程序不支持 Java Runtime Environment (JRE) 1.7 版。请使用支持 JDBC 4.0 的 sqljdbc4.jar 类库。
八月 18, 2015 10:44:40 上午 com.microsoft.sqlserver.jdbc.SQLServerConnection <init>
严重: 此驱动程序不支持 Java Runtime Environment (JRE) 1.7 版。请使用支持 JDBC 4.0 的 sqljdbc4.jar 类库。
八月 18, 2015 10:44:41 上午 com.microsoft.sqlserver.jdbc.SQLServerConnection <init>
严重: 此驱动程序不支持 Java Runtime Environment (JRE) 1.7 版。请使用支持 JDBC 4.0 的 sqljdbc4.jar 类库。
八月 18, 2015 10:44:41 上午 com.microsoft.sqlserver.jdbc.SQLServerConnection <init>
严重: 此驱动程序不支持 Java Runtime Environment (JRE) 1.7 版。请使用支持 JDBC 4.0 的 sqljdbc4.jar 类库。
八月 18, 2015 10:44:41 上午 com.microsoft.sqlserver.jdbc.SQLServerConnection <init>
严重: 此驱动程序不支持 Java Runtime Environment (JRE) 1.7 版。请使用支持 JDBC 4.0 的 sqljdbc4.jar 类库。
八月 18, 2015 10:44:42 上午 com.microsoft.sqlserver.jdbc.SQLServerConnection <init>
严重: 此驱动程序不支持 Java Runtime Environment (JRE) 1.7 版。请使用支持 JDBC 4.0 的 sqljdbc4.jar 类库。
八月 18, 2015 10:44:42 上午 com.microsoft.sqlserver.jdbc.SQLServerConnection <init>
严重: 此驱动程序不支持 Java Runtime Environment (JRE) 1.7 版。请使用支持 JDBC 4.0 的 sqljdbc4.jar 类库。
八月 18, 2015 10:44:42 上午 com.microsoft.sqlserver.jdbc.SQLServerConnection <init>
严重: 此驱动程序不支持 Java Runtime Environment (JRE) 1.7 版。请使用支持 JDBC 4.0 的 sqljdbc4.jar 类库。
八月 18, 2015 10:44:43 上午 com.microsoft.sqlserver.jdbc.SQLServerConnection <init>
严重: 此驱动程序不支持 Java Runtime Environment (JRE) 1.7 版。请使用支持 JDBC 4.0 的 sqljdbc4.jar 类库。
八月 18, 2015 10:44:43 上午 com.microsoft.sqlserver.jdbc.SQLServerConnection <init>
严重: 此驱动程序不支持 Java Runtime Environment (JRE) 1.7 版。请使用支持 JDBC 4.0 的 sqljdbc4.jar 类库。
八月 18, 2015 10:44:43 上午 com.microsoft.sqlserver.jdbc.SQLServerConnection <init>
严重: 此驱动程序不支持 Java Runtime Environment (JRE) 1.7 版。请使用支持 JDBC 4.0 的 sqljdbc4.jar 类库。
八月 18, 2015 10:44:44 上午 com.microsoft.sqlserver.jdbc.SQLServerConnection <init>
严重: 此驱动程序不支持 Java Runtime Environment (JRE) 1.7 版。请使用支持 JDBC 4.0 的 sqljdbc4.jar 类库。
八月 18, 2015 10:44:44 上午 com.microsoft.sqlserver.jdbc.SQLServerConnection <init>
严重: 此驱动程序不支持 Java Runtime Environment (JRE) 1.7 版。请使用支持 JDBC 4.0 的 sqljdbc4.jar 类库。
八月 18, 2015 10:44:44 上午 com.microsoft.sqlserver.jdbc.SQLServerConnection <init>
严重: 此驱动程序不支持 Java Runtime Environment (JRE) 1.7 版。请使用支持 JDBC 4.0 的 sqljdbc4.jar 类库。
八月 18, 2015 10:44:45 上午 com.microsoft.sqlserver.jdbc.SQLServerConnection <init>
严重: 此驱动程序不支持 Java Runtime Environment (JRE) 1.7 版。请使用支持 JDBC 4.0 的 sqljdbc4.jar 类库。
八月 18, 2015 10:44:45 上午 com.microsoft.sqlserver.jdbc.SQLServerConnection <init>
严重: 此驱动程序不支持 Java Runtime Environment (JRE) 1.7 版。请使用支持 JDBC 4.0 的 sqljdbc4.jar 类库。
八月 18, 2015 10:44:45 上午 com.microsoft.sqlserver.jdbc.SQLServerConnection <init>
严重: 此驱动程序不支持 Java Runtime Environment (JRE) 1.7 版。请使用支持 JDBC 4.0 的 sqljdbc4.jar 类库。
八月 18, 2015 10:44:46 上午 com.microsoft.sqlserver.jdbc.SQLServerConnection <init>
严重: 此驱动程序不支持 Java Runtime Environment (JRE) 1.7 版。请使用支持 JDBC 4.0 的 sqljdbc4.jar 类库。
八月 18, 2015 10:44:46 上午 com.microsoft.sqlserver.jdbc.SQLServerConnection <init>
严重: 此驱动程序不支持 Java Runtime Environment (JRE) 1.7 版。请使用支持 JDBC 4.0 的 sqljdbc4.jar 类库。
八月 18, 2015 10:44:46 上午 com.microsoft.sqlserver.jdbc.SQLServerConnection <init>
严重: 此驱动程序不支持 Java Runtime Environment (JRE) 1.7 版。请使用支持 JDBC 4.0 的 sqljdbc4.jar 类库。
八月 18, 2015 10:44:47 上午 com.microsoft.sqlserver.jdbc.SQLServerConnection <init>
严重: 此驱动程序不支持 Java Runtime Environment (JRE) 1.7 版。请使用支持 JDBC 4.0 的 sqljdbc4.jar 类库。
八月 18, 2015 10:44:47 上午 com.microsoft.sqlserver.jdbc.SQLServerConnection <init>
严重: 此驱动程序不支持 Java Runtime Environment (JRE) 1.7 版。请使用支持 JDBC 4.0 的 sqljdbc4.jar 类库。
八月 18, 2015 10:44:47 上午 com.microsoft.sqlserver.jdbc.SQLServerConnection <init>
严重: 此驱动程序不支持 Java Runtime Environment (JRE) 1.7 版。请使用支持 JDBC 4.0 的 sqljdbc4.jar 类库。
八月 18, 2015 10:44:48 上午 com.microsoft.sqlserver.jdbc.SQLServerConnection <init>
严重: 此驱动程序不支持 Java Runtime Environment (JRE) 1.7 版。请使用支持 JDBC 4.0 的 sqljdbc4.jar 类库。
八月 18, 2015 10:44:48 上午 com.microsoft.sqlserver.jdbc.SQLServerConnection <init>
严重: 此驱动程序不支持 Java Runtime Environment (JRE) 1.7 版。请使用支持 JDBC 4.0 的 sqljdbc4.jar 类库。
八月 18, 2015 10:44:48 上午 com.microsoft.sqlserver.jdbc.SQLServerConnection <init>
严重: 此驱动程序不支持 Java Runtime Environment (JRE) 1.7 版。请使用支持 JDBC 4.0 的 sqljdbc4.jar 类库。
八月 18, 2015 10:44:49 上午 com.microsoft.sqlserver.jdbc.SQLServerConnection <init>
严重: 此驱动程序不支持 Java Runtime Environment (JRE) 1.7 版。请使用支持 JDBC 4.0 的 sqljdbc4.jar 类库。
八月 18, 2015 10:44:49 上午 com.microsoft.sqlserver.jdbc.SQLServerConnection <init>
严重: 此驱动程序不支持 Java Runtime Environment (JRE) 1.7 版。请使用支持 JDBC 4.0 的 sqljdbc4.jar 类库。
八月 18, 2015 10:44:49 上午 com.microsoft.sqlserver.jdbc.SQLServerConnection <init>
严重: 此驱动程序不支持 Java Runtime Environment (JRE) 1.7 版。请使用支持 JDBC 4.0 的 sqljdbc4.jar 类库。
八月 18, 2015 10:44:50 上午 com.microsoft.sqlserver.jdbc.SQLServerConnection <init>
严重: 此驱动程序不支持 Java Runtime Environment (JRE) 1.7 版。请使用支持 JDBC 4.0 的 sqljdbc4.jar 类库。
八月 18, 2015 10:44:50 上午 com.microsoft.sqlserver.jdbc.SQLServerConnection <init>
严重: 此驱动程序不支持 Java Runtime Environment (JRE) 1.7 版。请使用支持 JDBC 4.0 的 sqljdbc4.jar 类库。
八月 18, 2015 10:44:50 上午 com.microsoft.sqlserver.jdbc.SQLServerConnection <init>
严重: 此驱动程序不支持 Java Runtime Environment (JRE) 1.7 版。请使用支持 JDBC 4.0 的 sqljdbc4.jar 类库。
八月 18, 2015 10:44:51 上午 com.microsoft.sqlserver.jdbc.SQLServerConnection <init>
严重: 此驱动程序不支持 Java Runtime Environment (JRE) 1.7 版。请使用支持 JDBC 4.0 的 sqljdbc4.jar 类库。
八月 18, 2015 10:44:51 上午 com.microsoft.sqlserver.jdbc.SQLServerConnection <init>
严重: 此驱动程序不支持 Java Runtime Environment (JRE) 1.7 版。请使用支持 JDBC 4.0 的 sqljdbc4.jar 类库。
八月 18, 2015 10:44:51 上午 com.microsoft.sqlserver.jdbc.SQLServerConnection <init>
严重: 此驱动程序不支持 Java Runtime Environment (JRE) 1.7 版。请使用支持 JDBC 4.0 的 sqljdbc4.jar 类库。
八月 18, 2015 10:44:52 上午 com.microsoft.sqlserver.jdbc.SQLServerConnection <init>
严重: 此驱动程序不支持 Java Runtime Environment (JRE) 1.7 版。请使用支持 JDBC 4.0 的 sqljdbc4.jar 类库。
八月 18, 2015 10:44:52 上午 com.microsoft.sqlserver.jdbc.SQLServerConnection <init>
严重: 此驱动程序不支持 Java Runtime Environment (JRE) 1.7 版。请使用支持 JDBC 4.0 的 sqljdbc4.jar 类库。
八月 18, 2015 10:44:52 上午 com.microsoft.sqlserver.jdbc.SQLServerConnection <init>
严重: 此驱动程序不支持 Java Runtime Environment (JRE) 1.7 版。请使用支持 JDBC 4.0 的 sqljdbc4.jar 类库。
八月 18, 2015 10:44:53 上午 com.microsoft.sqlserver.jdbc.SQLServerConnection <init>
严重: 此驱动程序不支持 Java Runtime Environment (JRE) 1.7 版。请使用支持 JDBC 4.0 的 sqljdbc4.jar 类库。
八月 18, 2015 10:44:53 上午 com.microsoft.sqlserver.jdbc.SQLServerConnection <init>
严重: 此驱动程序不支持 Java Runtime Environment (JRE) 1.7 版。请使用支持 JDBC 4.0 的 sqljdbc4.jar 类库。
八月 18, 2015 10:44:53 上午 com.microsoft.sqlserver.jdbc.SQLServerConnection <init>
严重: 此驱动程序不支持 Java Runtime Environment (JRE) 1.7 版。请使用支持 JDBC 4.0 的 sqljdbc4.jar 类库。
八月 18, 2015 10:44:54 上午 com.microsoft.sqlserver.jdbc.SQLServerConnection <init>
严重: 此驱动程序不支持 Java Runtime Environment (JRE) 1.7 版。请使用支持 JDBC 4.0 的 sqljdbc4.jar 类库。
八月 18, 2015 10:44:54 上午 com.microsoft.sqlserver.jdbc.SQLServerConnection <init>
严重: 此驱动程序不支持 Java Runtime Environment (JRE) 1.7 版。请使用支持 JDBC 4.0 的 sqljdbc4.jar 类库。
八月 18, 2015 10:44:54 上午 com.microsoft.sqlserver.jdbc.SQLServerConnection <init>
严重: 此驱动程序不支持 Java Runtime Environment (JRE) 1.7 版。请使用支持 JDBC 4.0 的 sqljdbc4.jar 类库。
八月 18, 2015 10:44:55 上午 com.microsoft.sqlserver.jdbc.SQLServerConnection <init>
严重: 此驱动程序不支持 Java Runtime Environment (JRE) 1.7 版。请使用支持 JDBC 4.0 的 sqljdbc4.jar 类库。
八月 18, 2015 10:44:55 上午 com.microsoft.sqlserver.jdbc.SQLServerConnection <init>
严重: 此驱动程序不支持 Java Runtime Environment (JRE) 1.7 版。请使用支持 JDBC 4.0 的 sqljdbc4.jar 类库。
八月 18, 2015 10:44:55 上午 com.microsoft.sqlserver.jdbc.SQLServerConnection <init>
严重: 此驱动程序不支持 Java Runtime Environment (JRE) 1.7 版。请使用支持 JDBC 4.0 的 sqljdbc4.jar 类库。
八月 18, 2015 10:44:56 上午 com.microsoft.sqlserver.jdbc.SQLServerConnection <init>
严重: 此驱动程序不支持 Java Runtime Environment (JRE) 1.7 版。请使用支持 JDBC 4.0 的 sqljdbc4.jar 类库。
八月 18, 2015 10:44:56 上午 com.microsoft.sqlserver.jdbc.SQLServerConnection <init>
严重: 此驱动程序不支持 Java Runtime Environment (JRE) 1.7 版。请使用支持 JDBC 4.0 的 sqljdbc4.jar 类库。
八月 18, 2015 10:44:56 上午 com.microsoft.sqlserver.jdbc.SQLServerConnection <init>
严重: 此驱动程序不支持 Java Runtime Environment (JRE) 1.7 版。请使用支持 JDBC 4.0 的 sqljdbc4.jar 类库。
八月 18, 2015 10:44:57 上午 com.microsoft.sqlserver.jdbc.SQLServerConnection <init>
严重: 此驱动程序不支持 Java Runtime Environment (JRE) 1.7 版。请使用支持 JDBC 4.0 的 sqljdbc4.jar 类库。
八月 18, 2015 10:44:57 上午 com.microsoft.sqlserver.jdbc.SQLServerConnection <init>
严重: 此驱动程序不支持 Java Runtime Environment (JRE) 1.7 版。请使用支持 JDBC 4.0 的 sqljdbc4.jar 类库。
八月 18, 2015 10:44:57 上午 com.microsoft.sqlserver.jdbc.SQLServerConnection <init>
严重: 此驱动程序不支持 Java Runtime Environment (JRE) 1.7 版。请使用支持 JDBC 4.0 的 sqljdbc4.jar 类库。
八月 18, 2015 10:44:58 上午 com.microsoft.sqlserver.jdbc.SQLServerConnection <init>
严重: 此驱动程序不支持 Java Runtime Environment (JRE) 1.7 版。请使用支持 JDBC 4.0 的 sqljdbc4.jar 类库。
八月 18, 2015 10:44:58 上午 com.microsoft.sqlserver.jdbc.SQLServerConnection <init>
严重: 此驱动程序不支持 Java Runtime Environment (JRE) 1.7 版。请使用支持 JDBC 4.0 的 sqljdbc4.jar 类库。
八月 18, 2015 10:44:58 上午 com.microsoft.sqlserver.jdbc.SQLServerConnection <init>
严重: 此驱动程序不支持 Java Runtime Environment (JRE) 1.7 版。请使用支持 JDBC 4.0 的 sqljdbc4.jar 类库。
八月 18, 2015 10:44:59 上午 com.microsoft.sqlserver.jdbc.SQLServerConnection <init>
严重: 此驱动程序不支持 Java Runtime Environment (JRE) 1.7 版。请使用支持 JDBC 4.0 的 sqljdbc4.jar 类库。
八月 18, 2015 10:44:59 上午 com.microsoft.sqlserver.jdbc.SQLServerConnection <init>
严重: 此驱动程序不支持 Java Runtime Environment (JRE) 1.7 版。请使用支持 JDBC 4.0 的 sqljdbc4.jar 类库。
八月 18, 2015 10:44:59 上午 com.microsoft.sqlserver.jdbc.SQLServerConnection <init>
严重: 此驱动程序不支持 Java Runtime Environment (JRE) 1.7 版。请使用支持 JDBC 4.0 的 sqljdbc4.jar 类库。
八月 18, 2015 10:45:00 上午 com.microsoft.sqlserver.jdbc.SQLServerConnection <init>
严重: 此驱动程序不支持 Java Runtime Environment (JRE) 1.7 版。请使用支持 JDBC 4.0 的 sqljdbc4.jar 类库。
八月 18, 2015 10:45:00 上午 com.microsoft.sqlserver.jdbc.SQLServerConnection <init>
严重: 此驱动程序不支持 Java Runtime Environment (JRE) 1.7 版。请使用支持 JDBC 4.0 的 sqljdbc4.jar 类库。
八月 18, 2015 10:45:00 上午 com.microsoft.sqlserver.jdbc.SQLServerConnection <init>
严重: 此驱动程序不支持 Java Runtime Environment (JRE) 1.7 版。请使用支持 JDBC 4.0 的 sqljdbc4.jar 类库。
八月 18, 2015 10:45:01 上午 com.microsoft.sqlserver.jdbc.SQLServerConnection <init>
严重: 此驱动程序不支持 Java Runtime Environment (JRE) 1.7 版。请使用支持 JDBC 4.0 的 sqljdbc4.jar 类库。
八月 18, 2015 10:45:01 上午 com.microsoft.sqlserver.jdbc.SQLServerConnection <init>
严重: 此驱动程序不支持 Java Runtime Environment (JRE) 1.7 版。请使用支持 JDBC 4.0 的 sqljdbc4.jar 类库。
八月 18, 2015 10:45:01 上午 com.microsoft.sqlserver.jdbc.SQLServerConnection <init>
严重: 此驱动程序不支持 Java Runtime Environment (JRE) 1.7 版。请使用支持 JDBC 4.0 的 sqljdbc4.jar 类库。
八月 18, 2015 10:45:02 上午 com.microsoft.sqlserver.jdbc.SQLServerConnection <init>
严重: 此驱动程序不支持 Java Runtime Environment (JRE) 1.7 版。请使用支持 JDBC 4.0 的 sqljdbc4.jar 类库。
八月 18, 2015 10:45:02 上午 com.microsoft.sqlserver.jdbc.SQLServerConnection <init>
严重: 此驱动程序不支持 Java Runtime Environment (JRE) 1.7 版。请使用支持 JDBC 4.0 的 sqljdbc4.jar 类库。
八月 18, 2015 10:45:02 上午 com.microsoft.sqlserver.jdbc.SQLServerConnection <init>
严重: 此驱动程序不支持 Java Runtime Environment (JRE) 1.7 版。请使用支持 JDBC 4.0 的 sqljdbc4.jar 类库。
八月 18, 2015 10:45:03 上午 com.microsoft.sqlserver.jdbc.SQLServerConnection <init>
严重: 此驱动程序不支持 Java Runtime Environment (JRE) 1.7 版。请使用支持 JDBC 4.0 的 sqljdbc4.jar 类库。
八月 18, 2015 10:45:03 上午 com.microsoft.sqlserver.jdbc.SQLServerConnection <init>
严重: 此驱动程序不支持 Java Runtime Environment (JRE) 1.7 版。请使用支持 JDBC 4.0 的 sqljdbc4.jar 类库。
八月 18, 2015 10:45:03 上午 com.microsoft.sqlserver.jdbc.SQLServerConnection <init>
严重: 此驱动程序不支持 Java Runtime Environment (JRE) 1.7 版。请使用支持 JDBC 4.0 的 sqljdbc4.jar 类库。
八月 18, 2015 10:45:04 上午 com.microsoft.sqlserver.jdbc.SQLServerConnection <init>
严重: 此驱动程序不支持 Java Runtime Environment (JRE) 1.7 版。请使用支持 JDBC 4.0 的 sqljdbc4.jar 类库。
八月 18, 2015 10:45:04 上午 com.microsoft.sqlserver.jdbc.SQLServerConnection <init>
严重: 此驱动程序不支持 Java Runtime Environment (JRE) 1.7 版。请使用支持 JDBC 4.0 的 sqljdbc4.jar 类库。
八月 18, 2015 10:45:04 上午 com.microsoft.sqlserver.jdbc.SQLServerConnection <init>
严重: 此驱动程序不支持 Java Runtime Environment (JRE) 1.7 版。请使用支持 JDBC 4.0 的 sqljdbc4.jar 类库。
