十一月 18, 2015 1:36:34 下午 org.apache.catalina.core.AprLifecycleListener init
信息: Loaded APR based Apache Tomcat Native library 1.1.33 using APR version 1.5.1.
十一月 18, 2015 1:36:34 下午 org.apache.catalina.core.AprLifecycleListener init
信息: APR capabilities: IPv6 [true], sendfile [true], accept filters [false], random [true].
十一月 18, 2015 1:36:35 下午 org.apache.catalina.core.AprLifecycleListener initializeSSL
信息: OpenSSL successfully initialized with version OpenSSL 1.0.1m 19 Mar 2015
十一月 18, 2015 1:36:35 下午 org.apache.coyote.http11.Http11AprProtocol init
信息: Initializing Coyote HTTP/1.1 on http-8080
十一月 18, 2015 1:36:35 下午 org.apache.coyote.ajp.AjpAprProtocol init
信息: Initializing Coyote AJP/1.3 on ajp-8009
十一月 18, 2015 1:36:35 下午 org.apache.catalina.startup.Catalina load
信息: Initialization processed in 1178 ms
十一月 18, 2015 1:36:35 下午 org.apache.catalina.core.StandardService start
信息: Starting service Catalina
十一月 18, 2015 1:36:35 下午 org.apache.catalina.core.StandardEngine start
信息: Starting Servlet Engine: Apache Tomcat/6.0.44
十一月 18, 2015 1:36:35 下午 org.apache.catalina.startup.HostConfig deployDescriptor
信息: Deploying configuration descriptor host-manager.xml
十一月 18, 2015 1:36:36 下午 org.apache.catalina.startup.HostConfig deployDescriptor
信息: Deploying configuration descriptor manager.xml
十一月 18, 2015 1:36:36 下午 org.apache.catalina.startup.HostConfig deployDirectory
信息: Deploying web application directory docs
十一月 18, 2015 1:36:36 下午 org.apache.catalina.startup.HostConfig deployDirectory
信息: Deploying web application directory examples
十一月 18, 2015 1:36:36 下午 org.apache.catalina.startup.HostConfig deployDirectory
信息: Deploying web application directory ifm
十一月 18, 2015 1:36:36 下午 org.apache.catalina.loader.WebappClassLoader validateJarFile
信息: validateJarFile(E:\work\apache-tomcat-6.0.44\webapps\ifm\WEB-INF\lib\servlet-api-2.3.jar) - jar not loaded. See Servlet Spec 2.3, section 9.7.2. Offending class: javax/servlet/Servlet.class
十一月 18, 2015 1:36:36 下午 org.apache.catalina.loader.WebappClassLoader validateJarFile
信息: validateJarFile(E:\work\apache-tomcat-6.0.44\webapps\ifm\WEB-INF\lib\servlet-api-2.5-6.1.2rc0.jar) - jar not loaded. See Servlet Spec 2.3, section 9.7.2. Offending class: javax/servlet/Servlet.class
十一月 18, 2015 1:36:42 下午 org.apache.catalina.startup.HostConfig deployDirectory
信息: Deploying web application directory ROOT
十一月 18, 2015 1:36:42 下午 org.apache.catalina.startup.HostConfig deployDirectory
信息: Deploying web application directory tcgaj
十一月 18, 2015 1:36:42 下午 org.apache.catalina.loader.WebappClassLoader validateJarFile
信息: validateJarFile(E:\work\apache-tomcat-6.0.44\webapps\tcgaj\WEB-INF\lib\j2ee.jar) - jar not loaded. See Servlet Spec 2.3, section 9.7.2. Offending class: javax/servlet/Servlet.class
