2015-8-6 8:43:39 org.apache.catalina.core.AprLifecycleListener init
信息: An older version 1.1.32 of the APR based Apache Tomcat Native library is installed, while Tomcat recommends version greater than 1.1.33
2015-8-6 8:43:39 org.apache.catalina.core.AprLifecycleListener init
信息: Loaded APR based Apache Tomcat Native library 1.1.32 using APR version 1.5.1.
2015-8-6 8:43:39 org.apache.catalina.core.AprLifecycleListener init
信息: APR capabilities: IPv6 [true], sendfile [true], accept filters [false], random [true].
2015-8-6 8:43:40 org.apache.catalina.core.AprLifecycleListener initializeSSL
信息: OpenSSL successfully initialized with version OpenSSL 1.0.1j 15 Oct 2014
2015-8-6 8:43:41 org.apache.coyote.http11.Http11AprProtocol init
信息: Initializing Coyote HTTP/1.1 on http-8080
2015-8-6 8:43:41 org.apache.coyote.ajp.AjpAprProtocol init
信息: Initializing Coyote AJP/1.3 on ajp-8009
2015-8-6 8:43:41 org.apache.catalina.startup.Catalina load
信息: Initialization processed in 3388 ms
2015-8-6 8:43:42 org.apache.catalina.core.StandardService start
信息: Starting service Catalina
2015-8-6 8:43:42 org.apache.catalina.core.StandardEngine start
信息: Starting Servlet Engine: Apache Tomcat/6.0.44
2015-8-6 8:43:42 org.apache.catalina.startup.HostConfig deployDescriptor
信息: Deploying configuration descriptor host-manager.xml
2015-8-6 8:43:45 org.apache.catalina.startup.HostConfig deployDescriptor
信息: Deploying configuration descriptor manager.xml
2015-8-6 8:43:45 org.apache.catalina.startup.HostConfig deployDirectory
信息: Deploying web application directory docs
2015-8-6 8:43:45 org.apache.catalina.startup.HostConfig deployDirectory
信息: Deploying web application directory examples
2015-8-6 8:43:46 org.apache.catalina.startup.HostConfig deployDirectory
信息: Deploying web application directory gdrdadc
2015-8-6 8:43:50 org.apache.catalina.startup.HostConfig deployDirectory
信息: Deploying web application directory ROOT
2015-8-6 8:43:51 org.apache.coyote.http11.Http11AprProtocol start
信息: Starting Coyote HTTP/1.1 on http-8080
2015-8-6 8:43:51 org.apache.coyote.ajp.AjpAprProtocol start
信息: Starting Coyote AJP/1.3 on ajp-8009
2015-8-6 8:43:51 org.apache.catalina.startup.Catalina start
信息: Server startup in 9229 ms
2015-8-6 8:45:39 org.apache.catalina.core.AprLifecycleListener init
信息: Loaded APR based Apache Tomcat Native library 1.1.33 using APR version 1.5.1.
2015-8-6 8:45:39 org.apache.catalina.core.AprLifecycleListener init
信息: APR capabilities: IPv6 [true], sendfile [true], accept filters [false], random [true].
2015-8-6 8:45:40 org.apache.catalina.core.AprLifecycleListener initializeSSL
信息: OpenSSL successfully initialized with version OpenSSL 1.0.1m 19 Mar 2015
2015-8-6 8:45:40 org.apache.coyote.http11.Http11AprProtocol init
信息: Initializing Coyote HTTP/1.1 on http-8080
2015-8-6 8:45:40 org.apache.coyote.ajp.AjpAprProtocol init
信息: Initializing Coyote AJP/1.3 on ajp-8009
2015-8-6 8:45:40 org.apache.catalina.startup.Catalina load
信息: Initialization processed in 913 ms
2015-8-6 8:45:40 org.apache.catalina.core.StandardService start
信息: Starting service Catalina
2015-8-6 8:45:40 org.apache.catalina.core.StandardEngine start
信息: Starting Servlet Engine: Apache Tomcat/6.0.44
2015-8-6 8:45:40 org.apache.catalina.startup.HostConfig deployDescriptor
信息: Deploying configuration descriptor host-manager.xml
2015-8-6 8:45:40 org.apache.catalina.startup.HostConfig deployDescriptor
信息: Deploying configuration descriptor manager.xml
2015-8-6 8:45:40 org.apache.catalina.startup.HostConfig deployDirectory
信息: Deploying web application directory docs
2015-8-6 8:45:40 org.apache.catalina.startup.HostConfig deployDirectory
信息: Deploying web application directory examples
2015-8-6 8:45:40 org.apache.catalina.startup.HostConfig deployDirectory
信息: Deploying web application directory ROOT
2015-8-6 8:45:40 org.apache.catalina.startup.HostConfig deployDirectory
信息: Deploying web application directory vehicleScheduling
2015-8-6 8:45:41 org.apache.coyote.http11.Http11AprProtocol start
信息: Starting Coyote HTTP/1.1 on http-8080
2015-8-6 8:45:41 org.apache.coyote.ajp.AjpAprProtocol start
信息: Starting Coyote AJP/1.3 on ajp-8009
2015-8-6 8:45:41 org.apache.catalina.startup.Catalina start
信息: Server startup in 1583 ms
