2015-7-16 11:03:58 org.apache.catalina.core.ApplicationContext log
信息: ContextListener: contextInitialized()
2015-7-16 11:03:58 org.apache.catalina.core.ApplicationContext log
信息: SessionListener: contextInitialized()
2015-7-16 11:04:00 org.apache.catalina.core.ApplicationContext log
信息: Initializing Spring root WebApplicationContext
2015-7-16 11:04:01 org.apache.catalina.core.ApplicationContext log
信息: Set web app root system property: 'webapp.root' = [E:\work\apache-tomcat-6.0.44\webapps\gdrdadc\]
2015-7-16 11:04:01 org.apache.catalina.core.ApplicationContext log
信息: Initializing log4j from [classpath:log4j.properties]
2015-7-16 11:06:58 org.apache.catalina.core.ApplicationContext log
信息: ContextListener: contextInitialized()
2015-7-16 11:06:58 org.apache.catalina.core.ApplicationContext log
信息: SessionListener: contextInitialized()
2015-7-16 11:06:58 org.apache.catalina.core.ApplicationContext log
信息: Initializing Spring root WebApplicationContext
2015-7-16 11:06:58 org.apache.catalina.core.ApplicationContext log
信息: Set web app root system property: 'webapp.root' = [E:\work\apache-tomcat-6.0.44\webapps\gdrdadc\]
2015-7-16 11:06:58 org.apache.catalina.core.ApplicationContext log
信息: Initializing log4j from [classpath:log4j.properties]
2015-7-16 11:11:08 org.apache.catalina.core.ApplicationContext log
信息: ContextListener: contextInitialized()
2015-7-16 11:11:08 org.apache.catalina.core.ApplicationContext log
信息: SessionListener: contextInitialized()
2015-7-16 11:11:09 org.apache.catalina.core.ApplicationContext log
信息: Initializing Spring root WebApplicationContext
2015-7-16 11:11:09 org.apache.catalina.core.ApplicationContext log
信息: Set web app root system property: 'webapp.root' = [E:\work\apache-tomcat-6.0.44\webapps\gdrdadc\]
2015-7-16 11:11:09 org.apache.catalina.core.ApplicationContext log
信息: Initializing log4j from [classpath:log4j.properties]
2015-7-16 11:16:01 org.apache.catalina.core.ApplicationContext log
信息: ContextListener: contextInitialized()
2015-7-16 11:16:01 org.apache.catalina.core.ApplicationContext log
信息: SessionListener: contextInitialized()
2015-7-16 11:16:01 org.apache.catalina.core.ApplicationContext log
信息: Initializing Spring root WebApplicationContext
2015-7-16 11:16:02 org.apache.catalina.core.ApplicationContext log
信息: Set web app root system property: 'webapp.root' = [E:\work\apache-tomcat-6.0.44\webapps\gdrdadc\]
2015-7-16 11:16:02 org.apache.catalina.core.ApplicationContext log
信息: Initializing log4j from [classpath:log4j.properties]
2015-7-16 15:45:16 org.apache.catalina.core.ApplicationContext log
信息: ContextListener: contextInitialized()
2015-7-16 15:45:16 org.apache.catalina.core.ApplicationContext log
信息: SessionListener: contextInitialized()
2015-7-16 15:45:17 org.apache.catalina.core.ApplicationContext log
信息: Initializing Spring root WebApplicationContext
2015-7-16 15:45:18 org.apache.catalina.core.ApplicationContext log
信息: Set web app root system property: 'webapp.root' = [E:\work\apache-tomcat-6.0.44\webapps\gdrdadc\]
2015-7-16 15:45:18 org.apache.catalina.core.ApplicationContext log
信息: Initializing log4j from [classpath:log4j.properties]
